Problem no. 1:
Number of groups: 8.
Players per group: 8.
Number of weeks: 9.

Variables: 35072
Clauses: 4832780
Searching for a solution...
Time limit exceeded (1s).

Result added to Excel file: /Users/kieuvantuyen/Library/CloudStorage/OneDrive-tuyenkieuvan/Master/SGP/Code/out/results_2024-06-11.xlsx

------------------------------------------------------------------------------------------------------------------------
Problem no. 1:
Number of groups: 8.
Players per group: 8.
Number of weeks: 9.

Problem no. 1:
Number of groups: 8.
Players per group: 8.
Number of weeks: 9.

Problem no. 1:
Number of groups: 8.
Players per group: 8.
Number of weeks: 9.

Problem no. 1:
Number of groups: 8.
Players per group: 8.
Number of weeks: 9.

Variables: 60992
Clauses: 4767945
Searching for a solution...
UNSAT. Time run: 0.152s.

Result added to Excel file: /Users/kieuvantuyen/Library/CloudStorage/OneDrive-tuyenkieuvan/Master/SGP/Code/out/PBNSC/results_2024-06-11.xlsx

------------------------------------------------------------------------------------------------------------------------
Problem no. 1:
Number of groups: 8.
Players per group: 8.
Number of weeks: 9.

Variables: 60992
Clauses: 4772464
Searching for a solution...
UNSAT. Time run: 0.177s.

CNF written to input_cnf/PBNSC/8-8-9.cnf.

Running KiSSAT...
KiSSAT finished.
Result added to Excel file: /Users/kieuvantuyen/Library/CloudStorage/OneDrive-tuyenkieuvan/Master/SGP/Code/out/PBNSC/results_2024-06-11.xlsx

------------------------------------------------------------------------------------------------------------------------
Problem no. 1:
Number of groups: 3.
Players per group: 2.
Number of weeks: 2.

Variables: 111
Clauses: 325
Searching for a solution...
A solution was found in 0.000s.
Restarts: 1, decisions: 6, propagations: 112

+------+---------+---------+---------+
| Week | Group 1 | Group 2 | Group 3 |
+------+---------+---------+---------+
|  1   |   1,2   |   3,4   |   5,6   |
|  2   |   1,5   |   2,4   |   3,6   |
+------+---------+---------+---------+
+-----+---+---+---+---+---+---+
| W\P | 1 | 2 | 3 | 4 | 5 | 6 |
+-----+---+---+---+---+---+---+
|  1  | 1 | 1 | 2 | 2 | 3 | 3 |
|  2  | 1 | 2 | 3 | 2 | 1 | 3 |
+-----+---+---+---+---+---+---+
Checking validation of the solution...
Valid solution.

CNF written to input_cnf/PBNSC/3-2-2.cnf.

Running KiSSAT...
KiSSAT finished.
Result added to Excel file: /Users/kieuvantuyen/Library/CloudStorage/OneDrive-tuyenkieuvan/Master/SGP/Code/out/PBNSC/results_2024-06-11.xlsx

------------------------------------------------------------------------------------------------------------------------
Problem no. 1:
Number of groups: 6.
Players per group: 5.
Number of weeks: 5.

Variables: 6228
Clauses: 172132
Searching for a solution...
UNSAT. Time run: 0.000s.

CNF written to input_cnf/PBNSC/6-5-5.cnf.

Running KiSSAT...
KiSSAT finished.
Result added to Excel file: /Users/kieuvantuyen/Library/CloudStorage/OneDrive-tuyenkieuvan/Master/SGP/Code/out/PBNSC/results_2024-06-11.xlsx

------------------------------------------------------------------------------------------------------------------------
Problem no. 1:
Number of groups: 6.
Players per group: 5.
Number of weeks: 5.

Variables: 6252
Clauses: 172132
Searching for a solution...
UNSAT. Time run: 0.013s.

CNF written to input_cnf/PBNSC/6-5-5.cnf.

Running KiSSAT...
KiSSAT finished.
Result added to Excel file: /Users/kieuvantuyen/Library/CloudStorage/OneDrive-tuyenkieuvan/Master/SGP/Code/out/PBNSC/results_2024-06-11.xlsx

------------------------------------------------------------------------------------------------------------------------
Problem no. 1:
Number of groups: 6.
Players per group: 5.
Number of weeks: 5.

Variables: 4140
Clauses: 172192
Searching for a solution...
Time limit exceeded (1s).

Result added to Excel file: /Users/kieuvantuyen/Library/CloudStorage/OneDrive-tuyenkieuvan/Master/SGP/Code/out/NSC/results_2024-06-11.xlsx

------------------------------------------------------------------------------------------------------------------------
Problem no. 1:
Number of groups: 6.
Players per group: 5.
Number of weeks: 5.

Variables: 4140
Clauses: 172732
Searching for a solution...
Time limit exceeded (1s).

CNF written to input_cnf/PBNSC/6-5-5.cnf.

Running KiSSAT...
KiSSAT finished.
Result added to Excel file: /Users/kieuvantuyen/Library/CloudStorage/OneDrive-tuyenkieuvan/Master/SGP/Code/out/NSC/results_2024-06-11.xlsx

------------------------------------------------------------------------------------------------------------------------
Problem no. 1:
Number of groups: 6.
Players per group: 5.
Number of weeks: 5.

Variables: 4140
Clauses: 172732
Searching for a solution...
Time limit exceeded (1s).

CNF written to input_cnf/PBNSC/6-5-5.cnf.

Running KiSSAT...
KiSSAT finished.
Result added to Excel file: /Users/kieuvantuyen/Library/CloudStorage/OneDrive-tuyenkieuvan/Master/SGP/Code/out/NSC/results_2024-06-11.xlsx

------------------------------------------------------------------------------------------------------------------------
Problem no. 1:
Number of groups: 6.
Players per group: 5.
Number of weeks: 5.

Variables: 4140
Clauses: 172732
Searching for a solution...
Time limit exceeded (600s).

CNF written to input_cnf/PBNSC/6-5-5.cnf.

Running KiSSAT...
KiSSAT finished.
Result added to Excel file: /Users/kieuvantuyen/Library/CloudStorage/OneDrive-tuyenkieuvan/Master/SGP/Code/out/NSC/results_2024-06-11.xlsx

------------------------------------------------------------------------------------------------------------------------
Problem no. 1:
Number of groups: 6.
Players per group: 5.
Number of weeks: 5.

Variables: 4140
Clauses: 174241
Searching for a solution...
UNSAT. Time run: 0.000s.

Result added to Excel file: /Users/kieuvantuyen/Library/CloudStorage/OneDrive-tuyenkieuvan/Master/SGP/Code/out/results_2024-06-11.xlsx

------------------------------------------------------------------------------------------------------------------------
Problem no. 1:
Number of groups: 6.
Players per group: 5.
Number of weeks: 5.

Variables: 4140
Clauses: 170992
Searching for a solution...
Time limit exceeded (1s).

Result added to Excel file: /Users/kieuvantuyen/Library/CloudStorage/OneDrive-tuyenkieuvan/Master/SGP/Code/out/results_2024-06-11.xlsx

------------------------------------------------------------------------------------------------------------------------
Problem no. 1:
Number of groups: 6.
Players per group: 5.
Number of weeks: 5.

Variables: 4140
Clauses: 170992
Searching for a solution...
A solution was found in 124.251s.
Restarts: 8855, decisions: 4856246, propagations: 232166620

+------+---------------+---------------+----------------+----------------+----------------+----------------+
| Week |    Group 1    |    Group 2    |    Group 3     |    Group 4     |    Group 5     |    Group 6     |
+------+---------------+---------------+----------------+----------------+----------------+----------------+
|  1   |   1,2,3,4,5   |   6,7,8,9,10  | 11,12,13,14,15 | 16,17,18,19,20 | 21,22,23,24,25 | 26,27,28,29,30 |
|  2   |  1,9,12,19,29 | 2,14,18,25,30 |  3,8,13,24,28  | 4,10,15,16,22  |  5,7,20,23,27  | 6,11,17,21,26  |
|  3   | 1,10,18,24,27 |  2,9,15,23,26 | 3,11,16,25,29  |  4,7,13,19,21  |  5,8,12,17,30  | 6,14,20,22,28  |
|  4   |  1,8,15,20,21 | 2,13,17,22,29 | 3,10,19,23,30  |  4,6,12,25,27  |  5,9,11,18,28  | 7,14,16,24,26  |
|  5   |  1,7,11,22,30 | 2,12,16,21,28 |  3,9,14,17,27  |  4,8,18,23,29  |  5,6,15,19,24  | 10,13,20,25,26 |
+------+---------------+---------------+----------------+----------------+----------------+----------------+
+-----+---+---+---+---+---+---+---+---+---+----+----+----+----+----+----+----+----+----+----+----+----+----+----+----+----+----+----+----+----+----+
| W\P | 1 | 2 | 3 | 4 | 5 | 6 | 7 | 8 | 9 | 10 | 11 | 12 | 13 | 14 | 15 | 16 | 17 | 18 | 19 | 20 | 21 | 22 | 23 | 24 | 25 | 26 | 27 | 28 | 29 | 30 |
+-----+---+---+---+---+---+---+---+---+---+----+----+----+----+----+----+----+----+----+----+----+----+----+----+----+----+----+----+----+----+----+
|  1  | 1 | 1 | 1 | 1 | 1 | 2 | 2 | 2 | 2 | 2  | 3  | 3  | 3  | 3  | 3  | 4  | 4  | 4  | 4  | 4  | 5  | 5  | 5  | 5  | 5  | 6  | 6  | 6  | 6  | 6  |
|  2  | 1 | 2 | 3 | 4 | 5 | 6 | 5 | 3 | 1 | 4  | 6  | 1  | 3  | 2  | 4  | 4  | 6  | 2  | 1  | 5  | 6  | 4  | 5  | 3  | 2  | 6  | 5  | 3  | 1  | 2  |
|  3  | 1 | 2 | 3 | 4 | 5 | 6 | 4 | 5 | 2 | 1  | 3  | 5  | 4  | 6  | 2  | 3  | 5  | 1  | 4  | 6  | 4  | 6  | 2  | 1  | 3  | 2  | 1  | 6  | 3  | 5  |
|  4  | 1 | 2 | 3 | 4 | 5 | 4 | 6 | 1 | 5 | 3  | 5  | 4  | 2  | 6  | 1  | 6  | 2  | 5  | 3  | 1  | 1  | 2  | 3  | 6  | 4  | 6  | 4  | 5  | 2  | 3  |
|  5  | 1 | 2 | 3 | 4 | 5 | 5 | 1 | 4 | 3 | 6  | 1  | 2  | 6  | 3  | 5  | 2  | 3  | 4  | 5  | 6  | 2  | 1  | 4  | 5  | 6  | 6  | 3  | 2  | 4  | 1  |
+-----+---+---+---+---+---+---+---+---+---+----+----+----+----+----+----+----+----+----+----+----+----+----+----+----+----+----+----+----+----+----+
Checking validation of the solution...
Valid solution.

Result added to Excel file: /Users/kieuvantuyen/Library/CloudStorage/OneDrive-tuyenkieuvan/Master/SGP/Code/out/results_2024-06-11.xlsx

------------------------------------------------------------------------------------------------------------------------
Problem no. 1:
Number of groups: 6.
Players per group: 5.
Number of weeks: 5.

Variables: 4140
Clauses: 171292
Searching for a solution...
A solution was found in 123.957s.
Restarts: 8855, decisions: 4856246, propagations: 232166620

+------+---------------+---------------+----------------+----------------+----------------+----------------+
| Week |    Group 1    |    Group 2    |    Group 3     |    Group 4     |    Group 5     |    Group 6     |
+------+---------------+---------------+----------------+----------------+----------------+----------------+
|  1   |   1,2,3,4,5   |   6,7,8,9,10  | 11,12,13,14,15 | 16,17,18,19,20 | 21,22,23,24,25 | 26,27,28,29,30 |
|  2   |  1,9,12,19,29 | 2,14,18,25,30 |  3,8,13,24,28  | 4,10,15,16,22  |  5,7,20,23,27  | 6,11,17,21,26  |
|  3   | 1,10,18,24,27 |  2,9,15,23,26 | 3,11,16,25,29  |  4,7,13,19,21  |  5,8,12,17,30  | 6,14,20,22,28  |
|  4   |  1,8,15,20,21 | 2,13,17,22,29 | 3,10,19,23,30  |  4,6,12,25,27  |  5,9,11,18,28  | 7,14,16,24,26  |
|  5   |  1,7,11,22,30 | 2,12,16,21,28 |  3,9,14,17,27  |  4,8,18,23,29  |  5,6,15,19,24  | 10,13,20,25,26 |
+------+---------------+---------------+----------------+----------------+----------------+----------------+
+-----+---+---+---+---+---+---+---+---+---+----+----+----+----+----+----+----+----+----+----+----+----+----+----+----+----+----+----+----+----+----+
| W\P | 1 | 2 | 3 | 4 | 5 | 6 | 7 | 8 | 9 | 10 | 11 | 12 | 13 | 14 | 15 | 16 | 17 | 18 | 19 | 20 | 21 | 22 | 23 | 24 | 25 | 26 | 27 | 28 | 29 | 30 |
+-----+---+---+---+---+---+---+---+---+---+----+----+----+----+----+----+----+----+----+----+----+----+----+----+----+----+----+----+----+----+----+
|  1  | 1 | 1 | 1 | 1 | 1 | 2 | 2 | 2 | 2 | 2  | 3  | 3  | 3  | 3  | 3  | 4  | 4  | 4  | 4  | 4  | 5  | 5  | 5  | 5  | 5  | 6  | 6  | 6  | 6  | 6  |
|  2  | 1 | 2 | 3 | 4 | 5 | 6 | 5 | 3 | 1 | 4  | 6  | 1  | 3  | 2  | 4  | 4  | 6  | 2  | 1  | 5  | 6  | 4  | 5  | 3  | 2  | 6  | 5  | 3  | 1  | 2  |
|  3  | 1 | 2 | 3 | 4 | 5 | 6 | 4 | 5 | 2 | 1  | 3  | 5  | 4  | 6  | 2  | 3  | 5  | 1  | 4  | 6  | 4  | 6  | 2  | 1  | 3  | 2  | 1  | 6  | 3  | 5  |
|  4  | 1 | 2 | 3 | 4 | 5 | 4 | 6 | 1 | 5 | 3  | 5  | 4  | 2  | 6  | 1  | 6  | 2  | 5  | 3  | 1  | 1  | 2  | 3  | 6  | 4  | 6  | 4  | 5  | 2  | 3  |
|  5  | 1 | 2 | 3 | 4 | 5 | 5 | 1 | 4 | 3 | 6  | 1  | 2  | 6  | 3  | 5  | 2  | 3  | 4  | 5  | 6  | 2  | 1  | 4  | 5  | 6  | 6  | 3  | 2  | 4  | 1  |
+-----+---+---+---+---+---+---+---+---+---+----+----+----+----+----+----+----+----+----+----+----+----+----+----+----+----+----+----+----+----+----+
Checking validation of the solution...
Valid solution.

CNF written to input_cnf/PBNSC/6-5-5.cnf.

Running KiSSAT...
KiSSAT finished.
Result added to Excel file: /Users/kieuvantuyen/Library/CloudStorage/OneDrive-tuyenkieuvan/Master/SGP/Code/out/NSC/results_2024-06-11.xlsx

------------------------------------------------------------------------------------------------------------------------
Problem no. 1:
Number of groups: 6.
Players per group: 5.
Number of weeks: 5.

Variables: 6252
Clauses: 170692
Searching for a solution...
UNSAT. Time run: 0.009s.

CNF written to input_cnf/PBNSC/6-5-5.cnf.

Running KiSSAT...
KiSSAT finished.
Result added to Excel file: /Users/kieuvantuyen/Library/CloudStorage/OneDrive-tuyenkieuvan/Master/SGP/Code/out/PBNSC/results_2024-06-11.xlsx

------------------------------------------------------------------------------------------------------------------------
Problem no. 1:
Number of groups: 6.
Players per group: 5.
Number of weeks: 5.

Variables: 6972
Clauses: 170692
Searching for a solution...
UNSAT. Time run: 0.011s.

CNF written to input_cnf/PBNSC/6-5-5.cnf.

Running KiSSAT...
KiSSAT finished.
Result added to Excel file: /Users/kieuvantuyen/Library/CloudStorage/OneDrive-tuyenkieuvan/Master/SGP/Code/out/PBNSC/results_2024-06-11.xlsx

------------------------------------------------------------------------------------------------------------------------
Problem no. 1:
Number of groups: 6.
Players per group: 5.
Number of weeks: 5.

Variables: 6972
Clauses: 170692
Searching for a solution...
UNSAT. Time run: 0.017s.

CNF written to input_cnf/PBNSC/6-5-5.cnf.

Running KiSSAT...
KiSSAT finished.
Result added to Excel file: /Users/kieuvantuyen/Library/CloudStorage/OneDrive-tuyenkieuvan/Master/SGP/Code/out/PBNSC/results_2024-06-11.xlsx

------------------------------------------------------------------------------------------------------------------------
Problem no. 1:
Number of groups: 6.
Players per group: 5.
Number of weeks: 5.

Problem no. 1:
Number of groups: 6.
Players per group: 5.
Number of weeks: 5.

Problem no. 1:
Number of groups: 6.
Players per group: 5.
Number of weeks: 5.

Variables: 4764
Clauses: 170020
Searching for a solution...
Time limit exceeded (1s).

CNF written to input_cnf/PBNSC/6-5-5.cnf.

Running KiSSAT...
KiSSAT finished.
Result added to Excel file: /Users/kieuvantuyen/Library/CloudStorage/OneDrive-tuyenkieuvan/Master/SGP/Code/out/PBNSC/results_2024-06-11.xlsx

------------------------------------------------------------------------------------------------------------------------
Problem no. 1:
Number of groups: 6.
Players per group: 5.
Number of weeks: 5.

Variables: 4764
Clauses: 170020
Searching for a solution...
Problem no. 1:
Number of groups: 6.
Players per group: 5.
Number of weeks: 5.

Variables: 6276
Clauses: 170692
Searching for a solution...
A solution was found in 102.359s.
Restarts: 7109, decisions: 3642133, propagations: 462910862

+------+---------------+---------------+----------------+----------------+----------------+----------------+
| Week |    Group 1    |    Group 2    |    Group 3     |    Group 4     |    Group 5     |    Group 6     |
+------+---------------+---------------+----------------+----------------+----------------+----------------+
|  1   |   1,2,3,4,5   |   6,7,8,9,10  | 11,12,13,14,15 | 16,17,18,19,20 | 21,22,23,24,25 | 26,27,28,29,30 |
|  2   |  1,7,15,20,29 | 2,10,11,17,21 | 3,12,16,25,27  |  4,9,13,22,30  |  5,8,19,23,26  | 6,14,18,24,28  |
|  3   | 1,10,19,22,28 |  2,6,13,16,29 |  3,7,14,21,26  | 4,11,20,23,27  |  5,9,15,18,25  | 8,12,17,24,30  |
|  4   |  1,9,14,16,23 | 2,15,19,24,27 |  3,8,11,22,29  | 4,10,12,18,26  |  5,6,20,21,30  | 7,13,17,25,28  |
|  5   |  1,6,11,25,26 |  2,7,18,23,30 | 3,10,13,20,24  |  4,8,15,16,28  | 5,14,17,22,27  | 9,12,19,21,29  |
+------+---------------+---------------+----------------+----------------+----------------+----------------+
+-----+---+---+---+---+---+---+---+---+---+----+----+----+----+----+----+----+----+----+----+----+----+----+----+----+----+----+----+----+----+----+
| W\P | 1 | 2 | 3 | 4 | 5 | 6 | 7 | 8 | 9 | 10 | 11 | 12 | 13 | 14 | 15 | 16 | 17 | 18 | 19 | 20 | 21 | 22 | 23 | 24 | 25 | 26 | 27 | 28 | 29 | 30 |
+-----+---+---+---+---+---+---+---+---+---+----+----+----+----+----+----+----+----+----+----+----+----+----+----+----+----+----+----+----+----+----+
|  1  | 1 | 1 | 1 | 1 | 1 | 2 | 2 | 2 | 2 | 2  | 3  | 3  | 3  | 3  | 3  | 4  | 4  | 4  | 4  | 4  | 5  | 5  | 5  | 5  | 5  | 6  | 6  | 6  | 6  | 6  |
|  2  | 1 | 2 | 3 | 4 | 5 | 6 | 1 | 5 | 4 | 2  | 2  | 3  | 4  | 6  | 1  | 3  | 2  | 6  | 5  | 1  | 2  | 4  | 5  | 6  | 3  | 5  | 3  | 6  | 1  | 4  |
|  3  | 1 | 2 | 3 | 4 | 5 | 2 | 3 | 6 | 5 | 1  | 4  | 6  | 2  | 3  | 5  | 2  | 6  | 5  | 1  | 4  | 3  | 1  | 4  | 6  | 5  | 3  | 4  | 1  | 2  | 6  |
|  4  | 1 | 2 | 3 | 4 | 5 | 5 | 6 | 3 | 1 | 4  | 3  | 4  | 6  | 1  | 2  | 1  | 6  | 4  | 2  | 5  | 5  | 3  | 1  | 2  | 6  | 4  | 2  | 6  | 3  | 5  |
|  5  | 1 | 2 | 3 | 4 | 5 | 1 | 2 | 4 | 6 | 3  | 1  | 6  | 3  | 5  | 4  | 4  | 5  | 2  | 6  | 3  | 6  | 5  | 2  | 3  | 1  | 1  | 5  | 4  | 6  | 2  |
+-----+---+---+---+---+---+---+---+---+---+----+----+----+----+----+----+----+----+----+----+----+----+----+----+----+----+----+----+----+----+----+
Checking validation of the solution...
Valid solution.

CNF written to input_cnf/PBNSC/6-5-5.cnf.

Running KiSSAT...
KiSSAT finished.
Result added to Excel file: /Users/kieuvantuyen/Library/CloudStorage/OneDrive-tuyenkieuvan/Master/SGP/Code/out/PBNSC/results_2024-06-11.xlsx

------------------------------------------------------------------------------------------------------------------------
